[debug] [2022-09-07T16:39:34.114Z] ----------------------------------------------------------------------
[debug] [2022-09-07T16:39:34.116Z] Command:       C:\Program Files\nodejs\node.exe C:\Users\lubwi\AppData\Roaming\npm\node_modules\firebase-tools\lib\bin\firebase.js init
[debug] [2022-09-07T16:39:34.117Z] CLI Version:   11.8.0
[debug] [2022-09-07T16:39:34.117Z] Platform:      win32
[debug] [2022-09-07T16:39:34.117Z] Node Version:  v16.17.0
[debug] [2022-09-07T16:39:34.118Z] Time:          Wed Sep 07 2022 18:39:34 GMT+0200 (centraleuropeisk sommartid)
[debug] [2022-09-07T16:39:34.119Z] ----------------------------------------------------------------------
[debug] 
[debug] [2022-09-07T16:39:34.132Z] > command requires scopes: ["email","openid","https://www.googleapis.com/auth/cloudplatformprojects.readonly","https://www.googleapis.com/auth/firebase","https://www.googleapis.com/auth/cloud-platform"]
[debug] [2022-09-07T16:39:34.132Z] > authorizing via signed-in user (lubwimi@gmail.com)
[info] 
     ######## #### ########  ######## ########     ###     ######  ########
     ##        ##  ##     ## ##       ##     ##  ##   ##  ##       ##
     ######    ##  ########  ######   ########  #########  ######  ######
     ##        ##  ##    ##  ##       ##     ## ##     ##       ## ##
     ##       #### ##     ## ######## ########  ##     ##  ######  ########

You're about to initialize a Firebase project in this directory:

  C:\Users\lubwi\OneDrive\Skrivbord\growinghair

[info] 
=== Project Setup
[info] 
[info] First, let's associate this project directory with a Firebase project.
[info] You can create multiple project aliases by running firebase use --add, 
[info] but for now we'll just set up a default project.
[info] 
[debug] [2022-09-07T16:42:22.581Z] >>> [apiv2][query] GET https://firebase.googleapis.com/v1beta1/projects pageSize=100
[debug] [2022-09-07T16:42:23.271Z] <<< [apiv2][status] GET https://firebase.googleapis.com/v1beta1/projects 200
[debug] [2022-09-07T16:42:23.271Z] <<< [apiv2][body] GET https://firebase.googleapis.com/v1beta1/projects [omitted]
[info] i  Using project mimiscream (mimiscream) 
[info] 
=== Hosting Setup
[info] 
[info] Your public directory is the folder (relative to your project directory) that
[info] will contain Hosting assets to be uploaded with firebase deploy. If you
[info] have a build process for your assets, use your build's output directory.
[info] 
[info] +  Wrote public/404.html 
[debug] [2022-09-07T16:44:40.025Z] >>> [apiv2][query] GET https://www.gstatic.com/firebasejs/releases.json [none]
[debug] [2022-09-07T16:44:40.148Z] <<< [apiv2][status] GET https://www.gstatic.com/firebasejs/releases.json 200
[debug] [2022-09-07T16:44:40.149Z] <<< [apiv2][body] GET https://www.gstatic.com/firebasejs/releases.json {"current":{"version":"9.9.4","browserURL":"https://www.gstatic.com/firebasejs/9.9.4/firebase.js","packageURL":"https://www.gstatic.com/firebasejs/9.9.4/firebase.tgz"},"live":{"version":"9.9","browserURL":"https://www.gstatic.com/firebasejs/live/9.9/firebase.js","packageURL":"https://www.gstatic.com/firebasejs/live/9.9/firebase.tgz"},"components":{"analytics":"https://www.gstatic.com/firebasejs/9.9.4/firebase-analytics.js","app":"https://www.gstatic.com/firebasejs/9.9.4/firebase-app.js","app-check":"https://www.gstatic.com/firebasejs/9.9.4/firebase-app-check.js","auth":"https://www.gstatic.com/firebasejs/9.9.4/firebase-auth.js","auth/cordova":"https://www.gstatic.com/firebasejs/9.9.4/firebase-auth/cordova.js","auth/react-native":"https://www.gstatic.com/firebasejs/9.9.4/firebase-auth/react-native.js","functions":"https://www.gstatic.com/firebasejs/9.9.4/firebase-functions.js","firestore":"https://www.gstatic.com/firebasejs/9.9.4/firebase-firestore.js","firestore/lite":"https://www.gstatic.com/firebasejs/9.9.4/firebase-firestore/lite.js","installations":"https://www.gstatic.com/firebasejs/9.9.4/firebase-installations.js","storage":"https://www.gstatic.com/firebasejs/9.9.4/firebase-storage.js","performance":"https://www.gstatic.com/firebasejs/9.9.4/firebase-performance.js","remote-config":"https://www.gstatic.com/firebasejs/9.9.4/firebase-remote-config.js","messaging":"https://www.gstatic.com/firebasejs/9.9.4/firebase-messaging.js","messaging/sw":"https://www.gstatic.com/firebasejs/9.9.4/firebase-messaging/sw.js","database":"https://www.gstatic.com/firebasejs/9.9.4/firebase-database.js","firestore.memory":"https://www.gstatic.com/firebasejs/9.9.4/firebase-firestore.memory.js"}}
[info] i  Skipping write of public/index.html 
[info] 
[info] i  Detected a .git folder at C:\Users\lubwi\OneDrive\Skrivbord\growinghair 
[info] i  Authorizing with GitHub to upload your service account to a GitHub repository's secrets store. 
[info] 
[info] Visit this URL on this device to log in:
[info] https://github.com/login/oauth/authorize?client_id=89cf50f02ac6aaed3484&state=345799704&redirect_uri=http%3A%2F%2Flocalhost%3A9005&scope=read%3Auser%20repo%20public_repo
[info] 
[info] Waiting for authentication...
[debug] [2022-09-07T16:47:47.439Z] >>> [apiv2][query] POST https://github.com/login/oauth/access_token [none]
[debug] [2022-09-07T16:47:47.439Z] >>> [apiv2][body] POST https://github.com/login/oauth/access_token [stream]
[debug] [2022-09-07T16:47:47.878Z] <<< [apiv2][status] POST https://github.com/login/oauth/access_token 200
[debug] [2022-09-07T16:47:47.879Z] <<< [apiv2][body] POST https://github.com/login/oauth/access_token {"access_token":"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","token_type":"bearer","scope":"read:user,repo"}
[debug] [2022-09-07T16:47:47.950Z] >>> [apiv2][query] GET https://api.github.com/user [none]
[debug] [2022-09-07T16:47:48.337Z] <<< [apiv2][status] GET https://api.github.com/user 200
[debug] [2022-09-07T16:47:48.338Z] <<< [apiv2][body] GET https://api.github.com/user {"login":"sylvsin","id":54536725,"node_id":"MDQ6VXNlcjU0NTM2NzI1","avatar_url":"https://avatars.githubusercontent.com/u/54536725?v=4","gravatar_id":"","url":"https://api.github.com/users/sylvsin","html_url":"https://github.com/sylvsin","followers_url":"https://api.github.com/users/sylvsin/followers","following_url":"https://api.github.com/users/sylvsin/following{/other_user}","gists_url":"https://api.github.com/users/sylvsin/gists{/gist_id}","starred_url":"https://api.github.com/users/sylvsin/starred{/owner}{/repo}","subscriptions_url":"https://api.github.com/users/sylvsin/subscriptions","organizations_url":"https://api.github.com/users/sylvsin/orgs","repos_url":"https://api.github.com/users/sylvsin/repos","events_url":"https://api.github.com/users/sylvsin/events{/privacy}","received_events_url":"https://api.github.com/users/sylvsin/received_events","type":"User","site_admin":false,"name":null,"company":null,"blog":"","location":null,"email":null,"hireable":null,"bio":null,"twitter_username":null,"public_repos":18,"public_gists":0,"followers":0,"following":0,"created_at":"2019-08-26T11:45:59Z","updated_at":"2021-09-08T15:26:08Z","private_gists":0,"total_private_repos":3,"owned_private_repos":3,"disk_usage":13346,"collaborators":0,"two_factor_authentication":false,"plan":{"name":"free","space":976562499,"collaborators":0,"private_repos":10000}}
[info] 
[info] +  Success! Logged into GitHub as sylvsin 
[info] 
[debug] [2022-09-07T16:54:49.079Z] >>> [apiv2][query] GET https://api.github.com/repos//actions/secrets/public-key type=owner
[debug] [2022-09-07T16:54:49.466Z] <<< [apiv2][status] GET https://api.github.com/repos//actions/secrets/public-key 404
[debug] [2022-09-07T16:54:49.467Z] <<< [apiv2][body] GET https://api.github.com/repos//actions/secrets/public-key {"message":"Not Found","documentation_url":"https://docs.github.com/rest"}
